<?xml version="1.0" encoding="UTF-8"?>
<!-- Generated by org.testng.reporters.JUnitReportReporter -->
<testsuite hostname="DESKTOP-GGR6O85" failures="0" tests="4" name="overallTest.SaucedemoTest" time="2.670" errors="0" timestamp="2025-02-18T09:02:18 GMT+05:45" skipped="0">
  <testcase classname="overallTest.SaucedemoTest" name="loginWithValidCredentials" time="0.785"/>
  <system-out/>
  <testcase classname="overallTest.SaucedemoTest" name="addToCart" time="0.157"/>
  <system-out/>
  <testcase classname="overallTest.SaucedemoTest" name="checkoutProcess" time="0.857"/>
  <system-out/>
  <testcase classname="overallTest.SaucedemoTest" name="logout" time="0.871"/>
  <system-out/>
</testsuite> <!-- overallTest.SaucedemoTest -->
