<?xml version="1.0" encoding="UTF-8"?>
<!-- Generated by org.testng.reporters.JUnitReportReporter -->
<testsuite hostname="DESKTOP-GGR6O85" failures="0" tests="6" name="saucedemo.LoginTest" time="1.081" errors="0" timestamp="2025-02-17T16:10:30 GMT+05:45" skipped="0">
  <testcase classname="saucedemo.LoginTest" name="testLoginPageCurrentUrl" time="0.033"/>
  <system-out/>
  <testcase classname="saucedemo.LoginTest" name="testLoginPageTitle" time="0.021"/>
  <system-out/>
  <testcase classname="saucedemo.LoginTest" name="performIsDisplayed" time="0.122"/>
  <system-out/>
  <testcase classname="saucedemo.LoginTest" name="performIsSelected" time="0.124"/>
  <system-out/>
  <testcase classname="saucedemo.LoginTest" name="performIsEnabled" time="0.064"/>
  <system-out/>
  <testcase classname="saucedemo.LoginTest" name="logInTest" time="0.717"/>
  <system-out/>
</testsuite> <!-- saucedemo.LoginTest -->
