<?xml version="1.0" encoding="UTF-8"?>
<!-- Generated by org.testng.reporters.JUnitReportReporter -->
<testsuite hostname="DESKTOP-GGR6O85" failures="0" tests="1" name="saucedemo.login" time="1.720" errors="0" timestamp="2025-02-09T18:11:54 GMT+05:45" skipped="0">
  <testcase classname="saucedemo.login" name="signin" time="1.720"/>
  <system-out/>
</testsuite> <!-- saucedemo.login -->
