<?xml version="1.0" encoding="UTF-8"?>
<!-- Generated by org.testng.reporters.JUnitReportReporter -->
<testsuite hostname="DESKTOP-GGR6O85" failures="0" tests="2" name="saucedemo.Setup" time="0.074" errors="0" timestamp="2025-02-17T16:09:23 GMT+05:45" skipped="0">
  <testcase classname="saucedemo.Setup" name="testLoginPageCurrentUrl" time="0.040"/>
  <system-out/>
  <testcase classname="saucedemo.Setup" name="testLoginPageTitle" time="0.034"/>
  <system-out/>
</testsuite> <!-- saucedemo.Setup -->
