<?xml version="1.0" encoding="UTF-8"?>
<!-- Generated by org.testng.reporters.JUnitReportReporter -->
<testsuite hostname="DESKTOP-GGR6O85" failures="0" tests="5" name="saucedemo.login.LoginPageTest" time="0.506" errors="0" timestamp="2025-02-17T16:17:02 GMT+05:45" skipped="0">
  <testcase classname="saucedemo.login.LoginPageTest" name="testLoginPageCurrentUrl" time="0.019"/>
  <system-out/>
  <testcase classname="saucedemo.login.LoginPageTest" name="performIsDisplayed" time="0.182"/>
  <system-out/>
  <testcase classname="saucedemo.login.LoginPageTest" name="testLoginPageTitle" time="0.021"/>
  <system-out/>
  <testcase classname="saucedemo.login.LoginPageTest" name="performIsSelected" time="0.203"/>
  <system-out/>
  <testcase classname="saucedemo.login.LoginPageTest" name="performIsEnabled" time="0.081"/>
  <system-out/>
</testsuite> <!-- saucedemo.login.LoginPageTest -->
